2020-04-07 11:06:36 [Thread: main] [ WARN ] BrokerMetadataCheckpoint:70 - No meta.properties file under dir /var/folders/lb/j5nb3nx16f32n8drg7xdwj7h0000gn/T/kafka-4661499049755691486/meta.properties
2020-04-07 11:06:36 [Thread: main] [ WARN ] BrokerMetadataCheckpoint:70 - No meta.properties file under dir /var/folders/lb/j5nb3nx16f32n8drg7xdwj7h0000gn/T/kafka-4661499049755691486/meta.properties
2020-04-07 11:06:37 [Thread: main] [ WARN ] BrokerMetadataCheckpoint:70 - No meta.properties file under dir /var/folders/lb/j5nb3nx16f32n8drg7xdwj7h0000gn/T/kafka-1993400207578155708/meta.properties
2020-04-07 11:06:37 [Thread: main] [ WARN ] BrokerMetadataCheckpoint:70 - No meta.properties file under dir /var/folders/lb/j5nb3nx16f32n8drg7xdwj7h0000gn/T/kafka-1993400207578155708/meta.properties
2020-04-07 11:06:37 [Thread: main] [ WARN ] BrokerMetadataCheckpoint:70 - No meta.properties file under dir /var/folders/lb/j5nb3nx16f32n8drg7xdwj7h0000gn/T/kafka-2142763693714325883/meta.properties
2020-04-07 11:06:37 [Thread: main] [ WARN ] BrokerMetadataCheckpoint:70 - No meta.properties file under dir /var/folders/lb/j5nb3nx16f32n8drg7xdwj7h0000gn/T/kafka-2142763693714325883/meta.properties
2020-04-07 11:06:37 [Thread: main] [ WARN ] BrokerMetadataCheckpoint:70 - No meta.properties file under dir /var/folders/lb/j5nb3nx16f32n8drg7xdwj7h0000gn/T/kafka-3311787846110841863/meta.properties
2020-04-07 11:06:38 [Thread: main] [ WARN ] BrokerMetadataCheckpoint:70 - No meta.properties file under dir /var/folders/lb/j5nb3nx16f32n8drg7xdwj7h0000gn/T/kafka-3311787846110841863/meta.properties
2020-04-07 11:06:39 [Thread: Thread-10] [ WARN ] CoreUtils$:90 - /var/folders/lb/j5nb3nx16f32n8drg7xdwj7h0000gn/T/kafka-4661499049755691486/.kafka_cleanshutdown
java.nio.file.NoSuchFileException: /var/folders/lb/j5nb3nx16f32n8drg7xdwj7h0000gn/T/kafka-4661499049755691486/.kafka_cleanshutdown
	at sun.nio.fs.UnixException.translateToIOException(UnixException.java:86) ~[?:1.8.0_161]
	at sun.nio.fs.UnixException.rethrowAsIOException(UnixException.java:102) ~[?:1.8.0_161]
	at sun.nio.fs.UnixException.rethrowAsIOException(UnixException.java:107) ~[?:1.8.0_161]
	at sun.nio.fs.UnixFileSystemProvider.newByteChannel(UnixFileSystemProvider.java:214) ~[?:1.8.0_161]
	at java.nio.file.Files.newByteChannel(Files.java:361) ~[?:1.8.0_161]
	at java.nio.file.Files.createFile(Files.java:632) ~[?:1.8.0_161]
	at kafka.log.LogManager$$anonfun$shutdown$6$$anonfun$apply$4.apply$mcV$sp(LogManager.scala:476) ~[kafka_2.11-2.0.1.jar:?]
	at kafka.utils.CoreUtils$.swallow(CoreUtils.scala:86) [kafka_2.11-2.0.1.jar:?]
	at kafka.log.LogManager$$anonfun$shutdown$6.apply(LogManager.scala:476) [kafka_2.11-2.0.1.jar:?]
	at kafka.log.LogManager$$anonfun$shutdown$6.apply(LogManager.scala:464) [kafka_2.11-2.0.1.jar:?]
	at scala.collection.TraversableLike$WithFilter$$anonfun$foreach$1.apply(TraversableLike.scala:733) [scala-library-2.11.12.jar:?]
	at scala.collection.mutable.HashMap$$anonfun$foreach$1.apply(HashMap.scala:130) [scala-library-2.11.12.jar:?]
	at scala.collection.mutable.HashMap$$anonfun$foreach$1.apply(HashMap.scala:130) [scala-library-2.11.12.jar:?]
	at scala.collection.mutable.HashTable$class.foreachEntry(HashTable.scala:236) [scala-library-2.11.12.jar:?]
	at scala.collection.mutable.HashMap.foreachEntry(HashMap.scala:40) [scala-library-2.11.12.jar:?]
	at scala.collection.mutable.HashMap.foreach(HashMap.scala:130) [scala-library-2.11.12.jar:?]
	at scala.collection.TraversableLike$WithFilter.foreach(TraversableLike.scala:732) [scala-library-2.11.12.jar:?]
	at kafka.log.LogManager.shutdown(LogManager.scala:464) [kafka_2.11-2.0.1.jar:?]
	at kafka.server.KafkaServer$$anonfun$shutdown$13.apply$mcV$sp(KafkaServer.scala:598) [kafka_2.11-2.0.1.jar:?]
	at kafka.utils.CoreUtils$.swallow(CoreUtils.scala:86) [kafka_2.11-2.0.1.jar:?]
	at kafka.server.KafkaServer.shutdown(KafkaServer.scala:598) [kafka_2.11-2.0.1.jar:?]
	at org.springframework.kafka.test.EmbeddedKafkaBroker.destroy(EmbeddedKafkaBroker.java:327) [spring-kafka-test-2.2.6.RELEASE.jar:2.2.6.RELEASE]
	at org.springframework.beans.factory.support.DefaultSingletonBeanRegistry.destroyBean(DefaultSingletonBeanRegistry.java:571) [spring-beans-5.1.7.RELEASE.jar:5.1.7.RELEASE]
	at org.springframework.beans.factory.support.DefaultSingletonBeanRegistry.destroySingleton(DefaultSingletonBeanRegistry.java:543) [spring-beans-5.1.7.RELEASE.jar:5.1.7.RELEASE]
	at org.springframework.beans.factory.support.DefaultListableBeanFactory.destroySingleton(DefaultListableBeanFactory.java:1034) [spring-beans-5.1.7.RELEASE.jar:5.1.7.RELEASE]
	at org.springframework.beans.factory.support.DefaultSingletonBeanRegistry.destroySingletons(DefaultSingletonBeanRegistry.java:504) [spring-beans-5.1.7.RELEASE.jar:5.1.7.RELEASE]
	at org.springframework.beans.factory.support.DefaultListableBeanFactory.destroySingletons(DefaultListableBeanFactory.java:1027) [spring-beans-5.1.7.RELEASE.jar:5.1.7.RELEASE]
	at org.springframework.context.support.AbstractApplicationContext.destroyBeans(AbstractApplicationContext.java:1057) [spring-context-5.1.7.RELEASE.jar:5.1.7.RELEASE]
	at org.springframework.context.support.AbstractApplicationContext.doClose(AbstractApplicationContext.java:1026) [spring-context-5.1.7.RELEASE.jar:5.1.7.RELEASE]
	at org.springframework.context.support.AbstractApplicationContext$1.run(AbstractApplicationContext.java:945) [spring-context-5.1.7.RELEASE.jar:5.1.7.RELEASE]
2020-04-07 11:06:39 [Thread: controller-event-thread] [ ERROR] KafkaZkClient$CheckedEphemeral:74 - Error while creating ephemeral at /controller, node already exists and owner '72060399306539011' does not match current session '72060399306539012'
2020-04-07 11:06:39 [Thread: controller-event-thread] [ ERROR] KafkaZkClient$CheckedEphemeral:74 - Error while creating ephemeral at /controller, node already exists and owner '72060399306539011' does not match current session '72060399306539010'
2020-04-07 11:06:43 [Thread: Thread-10] [ WARN ] CoreUtils$:90 - /var/folders/lb/j5nb3nx16f32n8drg7xdwj7h0000gn/T/kafka-1993400207578155708/.kafka_cleanshutdown
java.nio.file.NoSuchFileException: /var/folders/lb/j5nb3nx16f32n8drg7xdwj7h0000gn/T/kafka-1993400207578155708/.kafka_cleanshutdown
	at sun.nio.fs.UnixException.translateToIOException(UnixException.java:86) ~[?:1.8.0_161]
	at sun.nio.fs.UnixException.rethrowAsIOException(UnixException.java:102) ~[?:1.8.0_161]
	at sun.nio.fs.UnixException.rethrowAsIOException(UnixException.java:107) ~[?:1.8.0_161]
	at sun.nio.fs.UnixFileSystemProvider.newByteChannel(UnixFileSystemProvider.java:214) ~[?:1.8.0_161]
	at java.nio.file.Files.newByteChannel(Files.java:361) ~[?:1.8.0_161]
	at java.nio.file.Files.createFile(Files.java:632) ~[?:1.8.0_161]
	at kafka.log.LogManager$$anonfun$shutdown$6$$anonfun$apply$4.apply$mcV$sp(LogManager.scala:476) ~[kafka_2.11-2.0.1.jar:?]
	at kafka.utils.CoreUtils$.swallow(CoreUtils.scala:86) [kafka_2.11-2.0.1.jar:?]
	at kafka.log.LogManager$$anonfun$shutdown$6.apply(LogManager.scala:476) [kafka_2.11-2.0.1.jar:?]
	at kafka.log.LogManager$$anonfun$shutdown$6.apply(LogManager.scala:464) [kafka_2.11-2.0.1.jar:?]
	at scala.collection.TraversableLike$WithFilter$$anonfun$foreach$1.apply(TraversableLike.scala:733) [scala-library-2.11.12.jar:?]
	at scala.collection.mutable.HashMap$$anonfun$foreach$1.apply(HashMap.scala:130) [scala-library-2.11.12.jar:?]
	at scala.collection.mutable.HashMap$$anonfun$foreach$1.apply(HashMap.scala:130) [scala-library-2.11.12.jar:?]
	at scala.collection.mutable.HashTable$class.foreachEntry(HashTable.scala:236) [scala-library-2.11.12.jar:?]
	at scala.collection.mutable.HashMap.foreachEntry(HashMap.scala:40) [scala-library-2.11.12.jar:?]
	at scala.collection.mutable.HashMap.foreach(HashMap.scala:130) [scala-library-2.11.12.jar:?]
	at scala.collection.TraversableLike$WithFilter.foreach(TraversableLike.scala:732) [scala-library-2.11.12.jar:?]
	at kafka.log.LogManager.shutdown(LogManager.scala:464) [kafka_2.11-2.0.1.jar:?]
	at kafka.server.KafkaServer$$anonfun$shutdown$13.apply$mcV$sp(KafkaServer.scala:598) [kafka_2.11-2.0.1.jar:?]
	at kafka.utils.CoreUtils$.swallow(CoreUtils.scala:86) [kafka_2.11-2.0.1.jar:?]
	at kafka.server.KafkaServer.shutdown(KafkaServer.scala:598) [kafka_2.11-2.0.1.jar:?]
	at org.springframework.kafka.test.EmbeddedKafkaBroker.destroy(EmbeddedKafkaBroker.java:327) [spring-kafka-test-2.2.6.RELEASE.jar:2.2.6.RELEASE]
	at org.springframework.beans.factory.support.DefaultSingletonBeanRegistry.destroyBean(DefaultSingletonBeanRegistry.java:571) [spring-beans-5.1.7.RELEASE.jar:5.1.7.RELEASE]
	at org.springframework.beans.factory.support.DefaultSingletonBeanRegistry.destroySingleton(DefaultSingletonBeanRegistry.java:543) [spring-beans-5.1.7.RELEASE.jar:5.1.7.RELEASE]
	at org.springframework.beans.factory.support.DefaultListableBeanFactory.destroySingleton(DefaultListableBeanFactory.java:1034) [spring-beans-5.1.7.RELEASE.jar:5.1.7.RELEASE]
	at org.springframework.beans.factory.support.DefaultSingletonBeanRegistry.destroySingletons(DefaultSingletonBeanRegistry.java:504) [spring-beans-5.1.7.RELEASE.jar:5.1.7.RELEASE]
	at org.springframework.beans.factory.support.DefaultListableBeanFactory.destroySingletons(DefaultListableBeanFactory.java:1027) [spring-beans-5.1.7.RELEASE.jar:5.1.7.RELEASE]
	at org.springframework.context.support.AbstractApplicationContext.destroyBeans(AbstractApplicationContext.java:1057) [spring-context-5.1.7.RELEASE.jar:5.1.7.RELEASE]
	at org.springframework.context.support.AbstractApplicationContext.doClose(AbstractApplicationContext.java:1026) [spring-context-5.1.7.RELEASE.jar:5.1.7.RELEASE]
	at org.springframework.context.support.AbstractApplicationContext$1.run(AbstractApplicationContext.java:945) [spring-context-5.1.7.RELEASE.jar:5.1.7.RELEASE]
2020-04-07 11:06:45 [Thread: Thread-10] [ WARN ] CoreUtils$:90 - /var/folders/lb/j5nb3nx16f32n8drg7xdwj7h0000gn/T/kafka-2142763693714325883/.kafka_cleanshutdown
java.nio.file.NoSuchFileException: /var/folders/lb/j5nb3nx16f32n8drg7xdwj7h0000gn/T/kafka-2142763693714325883/.kafka_cleanshutdown
	at sun.nio.fs.UnixException.translateToIOException(UnixException.java:86) ~[?:1.8.0_161]
	at sun.nio.fs.UnixException.rethrowAsIOException(UnixException.java:102) ~[?:1.8.0_161]
	at sun.nio.fs.UnixException.rethrowAsIOException(UnixException.java:107) ~[?:1.8.0_161]
	at sun.nio.fs.UnixFileSystemProvider.newByteChannel(UnixFileSystemProvider.java:214) ~[?:1.8.0_161]
	at java.nio.file.Files.newByteChannel(Files.java:361) ~[?:1.8.0_161]
	at java.nio.file.Files.createFile(Files.java:632) ~[?:1.8.0_161]
	at kafka.log.LogManager$$anonfun$shutdown$6$$anonfun$apply$4.apply$mcV$sp(LogManager.scala:476) ~[kafka_2.11-2.0.1.jar:?]
	at kafka.utils.CoreUtils$.swallow(CoreUtils.scala:86) [kafka_2.11-2.0.1.jar:?]
	at kafka.log.LogManager$$anonfun$shutdown$6.apply(LogManager.scala:476) [kafka_2.11-2.0.1.jar:?]
	at kafka.log.LogManager$$anonfun$shutdown$6.apply(LogManager.scala:464) [kafka_2.11-2.0.1.jar:?]
	at scala.collection.TraversableLike$WithFilter$$anonfun$foreach$1.apply(TraversableLike.scala:733) [scala-library-2.11.12.jar:?]
	at scala.collection.mutable.HashMap$$anonfun$foreach$1.apply(HashMap.scala:130) [scala-library-2.11.12.jar:?]
	at scala.collection.mutable.HashMap$$anonfun$foreach$1.apply(HashMap.scala:130) [scala-library-2.11.12.jar:?]
	at scala.collection.mutable.HashTable$class.foreachEntry(HashTable.scala:236) [scala-library-2.11.12.jar:?]
	at scala.collection.mutable.HashMap.foreachEntry(HashMap.scala:40) [scala-library-2.11.12.jar:?]
	at scala.collection.mutable.HashMap.foreach(HashMap.scala:130) [scala-library-2.11.12.jar:?]
	at scala.collection.TraversableLike$WithFilter.foreach(TraversableLike.scala:732) [scala-library-2.11.12.jar:?]
	at kafka.log.LogManager.shutdown(LogManager.scala:464) [kafka_2.11-2.0.1.jar:?]
	at kafka.server.KafkaServer$$anonfun$shutdown$13.apply$mcV$sp(KafkaServer.scala:598) [kafka_2.11-2.0.1.jar:?]
	at kafka.utils.CoreUtils$.swallow(CoreUtils.scala:86) [kafka_2.11-2.0.1.jar:?]
	at kafka.server.KafkaServer.shutdown(KafkaServer.scala:598) [kafka_2.11-2.0.1.jar:?]
	at org.springframework.kafka.test.EmbeddedKafkaBroker.destroy(EmbeddedKafkaBroker.java:327) [spring-kafka-test-2.2.6.RELEASE.jar:2.2.6.RELEASE]
	at org.springframework.beans.factory.support.DefaultSingletonBeanRegistry.destroyBean(DefaultSingletonBeanRegistry.java:571) [spring-beans-5.1.7.RELEASE.jar:5.1.7.RELEASE]
	at org.springframework.beans.factory.support.DefaultSingletonBeanRegistry.destroySingleton(DefaultSingletonBeanRegistry.java:543) [spring-beans-5.1.7.RELEASE.jar:5.1.7.RELEASE]
	at org.springframework.beans.factory.support.DefaultListableBeanFactory.destroySingleton(DefaultListableBeanFactory.java:1034) [spring-beans-5.1.7.RELEASE.jar:5.1.7.RELEASE]
	at org.springframework.beans.factory.support.DefaultSingletonBeanRegistry.destroySingletons(DefaultSingletonBeanRegistry.java:504) [spring-beans-5.1.7.RELEASE.jar:5.1.7.RELEASE]
	at org.springframework.beans.factory.support.DefaultListableBeanFactory.destroySingletons(DefaultListableBeanFactory.java:1027) [spring-beans-5.1.7.RELEASE.jar:5.1.7.RELEASE]
	at org.springframework.context.support.AbstractApplicationContext.destroyBeans(AbstractApplicationContext.java:1057) [spring-context-5.1.7.RELEASE.jar:5.1.7.RELEASE]
	at org.springframework.context.support.AbstractApplicationContext.doClose(AbstractApplicationContext.java:1026) [spring-context-5.1.7.RELEASE.jar:5.1.7.RELEASE]
	at org.springframework.context.support.AbstractApplicationContext$1.run(AbstractApplicationContext.java:945) [spring-context-5.1.7.RELEASE.jar:5.1.7.RELEASE]
2020-04-07 11:06:48 [Thread: Thread-10] [ WARN ] CoreUtils$:90 - /var/folders/lb/j5nb3nx16f32n8drg7xdwj7h0000gn/T/kafka-3311787846110841863/.kafka_cleanshutdown
java.nio.file.NoSuchFileException: /var/folders/lb/j5nb3nx16f32n8drg7xdwj7h0000gn/T/kafka-3311787846110841863/.kafka_cleanshutdown
	at sun.nio.fs.UnixException.translateToIOException(UnixException.java:86) ~[?:1.8.0_161]
	at sun.nio.fs.UnixException.rethrowAsIOException(UnixException.java:102) ~[?:1.8.0_161]
	at sun.nio.fs.UnixException.rethrowAsIOException(UnixException.java:107) ~[?:1.8.0_161]
	at sun.nio.fs.UnixFileSystemProvider.newByteChannel(UnixFileSystemProvider.java:214) ~[?:1.8.0_161]
	at java.nio.file.Files.newByteChannel(Files.java:361) ~[?:1.8.0_161]
	at java.nio.file.Files.createFile(Files.java:632) ~[?:1.8.0_161]
	at kafka.log.LogManager$$anonfun$shutdown$6$$anonfun$apply$4.apply$mcV$sp(LogManager.scala:476) ~[kafka_2.11-2.0.1.jar:?]
	at kafka.utils.CoreUtils$.swallow(CoreUtils.scala:86) [kafka_2.11-2.0.1.jar:?]
	at kafka.log.LogManager$$anonfun$shutdown$6.apply(LogManager.scala:476) [kafka_2.11-2.0.1.jar:?]
	at kafka.log.LogManager$$anonfun$shutdown$6.apply(LogManager.scala:464) [kafka_2.11-2.0.1.jar:?]
	at scala.collection.TraversableLike$WithFilter$$anonfun$foreach$1.apply(TraversableLike.scala:733) [scala-library-2.11.12.jar:?]
	at scala.collection.mutable.HashMap$$anonfun$foreach$1.apply(HashMap.scala:130) [scala-library-2.11.12.jar:?]
	at scala.collection.mutable.HashMap$$anonfun$foreach$1.apply(HashMap.scala:130) [scala-library-2.11.12.jar:?]
	at scala.collection.mutable.HashTable$class.foreachEntry(HashTable.scala:236) [scala-library-2.11.12.jar:?]
	at scala.collection.mutable.HashMap.foreachEntry(HashMap.scala:40) [scala-library-2.11.12.jar:?]
	at scala.collection.mutable.HashMap.foreach(HashMap.scala:130) [scala-library-2.11.12.jar:?]
	at scala.collection.TraversableLike$WithFilter.foreach(TraversableLike.scala:732) [scala-library-2.11.12.jar:?]
	at kafka.log.LogManager.shutdown(LogManager.scala:464) [kafka_2.11-2.0.1.jar:?]
	at kafka.server.KafkaServer$$anonfun$shutdown$13.apply$mcV$sp(KafkaServer.scala:598) [kafka_2.11-2.0.1.jar:?]
	at kafka.utils.CoreUtils$.swallow(CoreUtils.scala:86) [kafka_2.11-2.0.1.jar:?]
	at kafka.server.KafkaServer.shutdown(KafkaServer.scala:598) [kafka_2.11-2.0.1.jar:?]
	at org.springframework.kafka.test.EmbeddedKafkaBroker.destroy(EmbeddedKafkaBroker.java:327) [spring-kafka-test-2.2.6.RELEASE.jar:2.2.6.RELEASE]
	at org.springframework.beans.factory.support.DefaultSingletonBeanRegistry.destroyBean(DefaultSingletonBeanRegistry.java:571) [spring-beans-5.1.7.RELEASE.jar:5.1.7.RELEASE]
	at org.springframework.beans.factory.support.DefaultSingletonBeanRegistry.destroySingleton(DefaultSingletonBeanRegistry.java:543) [spring-beans-5.1.7.RELEASE.jar:5.1.7.RELEASE]
	at org.springframework.beans.factory.support.DefaultListableBeanFactory.destroySingleton(DefaultListableBeanFactory.java:1034) [spring-beans-5.1.7.RELEASE.jar:5.1.7.RELEASE]
	at org.springframework.beans.factory.support.DefaultSingletonBeanRegistry.destroySingletons(DefaultSingletonBeanRegistry.java:504) [spring-beans-5.1.7.RELEASE.jar:5.1.7.RELEASE]
	at org.springframework.beans.factory.support.DefaultListableBeanFactory.destroySingletons(DefaultListableBeanFactory.java:1027) [spring-beans-5.1.7.RELEASE.jar:5.1.7.RELEASE]
	at org.springframework.context.support.AbstractApplicationContext.destroyBeans(AbstractApplicationContext.java:1057) [spring-context-5.1.7.RELEASE.jar:5.1.7.RELEASE]
	at org.springframework.context.support.AbstractApplicationContext.doClose(AbstractApplicationContext.java:1026) [spring-context-5.1.7.RELEASE.jar:5.1.7.RELEASE]
	at org.springframework.context.support.AbstractApplicationContext$1.run(AbstractApplicationContext.java:945) [spring-context-5.1.7.RELEASE.jar:5.1.7.RELEASE]
2020-04-07 15:59:41 [Thread: main] [ WARN ] BrokerMetadataCheckpoint:70 - No meta.properties file under dir /var/folders/lb/j5nb3nx16f32n8drg7xdwj7h0000gn/T/kafka-7152749492694360216/meta.properties
2020-04-07 15:59:42 [Thread: main] [ WARN ] BrokerMetadataCheckpoint:70 - No meta.properties file under dir /var/folders/lb/j5nb3nx16f32n8drg7xdwj7h0000gn/T/kafka-7152749492694360216/meta.properties
2020-04-07 15:59:42 [Thread: main] [ WARN ] BrokerMetadataCheckpoint:70 - No meta.properties file under dir /var/folders/lb/j5nb3nx16f32n8drg7xdwj7h0000gn/T/kafka-2028772944758408940/meta.properties
2020-04-07 15:59:43 [Thread: main] [ WARN ] BrokerMetadataCheckpoint:70 - No meta.properties file under dir /var/folders/lb/j5nb3nx16f32n8drg7xdwj7h0000gn/T/kafka-2028772944758408940/meta.properties
2020-04-07 15:59:43 [Thread: main] [ WARN ] BrokerMetadataCheckpoint:70 - No meta.properties file under dir /var/folders/lb/j5nb3nx16f32n8drg7xdwj7h0000gn/T/kafka-496992175685025356/meta.properties
2020-04-07 15:59:43 [Thread: main] [ WARN ] BrokerMetadataCheckpoint:70 - No meta.properties file under dir /var/folders/lb/j5nb3nx16f32n8drg7xdwj7h0000gn/T/kafka-496992175685025356/meta.properties
2020-04-07 15:59:43 [Thread: main] [ WARN ] BrokerMetadataCheckpoint:70 - No meta.properties file under dir /var/folders/lb/j5nb3nx16f32n8drg7xdwj7h0000gn/T/kafka-6714200143416712346/meta.properties
2020-04-07 15:59:43 [Thread: main] [ WARN ] BrokerMetadataCheckpoint:70 - No meta.properties file under dir /var/folders/lb/j5nb3nx16f32n8drg7xdwj7h0000gn/T/kafka-6714200143416712346/meta.properties
2020-04-07 15:59:45 [Thread: Thread-10] [ WARN ] CoreUtils$:90 - /var/folders/lb/j5nb3nx16f32n8drg7xdwj7h0000gn/T/kafka-7152749492694360216/.kafka_cleanshutdown
java.nio.file.NoSuchFileException: /var/folders/lb/j5nb3nx16f32n8drg7xdwj7h0000gn/T/kafka-7152749492694360216/.kafka_cleanshutdown
	at sun.nio.fs.UnixException.translateToIOException(UnixException.java:86) ~[?:1.8.0_161]
	at sun.nio.fs.UnixException.rethrowAsIOException(UnixException.java:102) ~[?:1.8.0_161]
	at sun.nio.fs.UnixException.rethrowAsIOException(UnixException.java:107) ~[?:1.8.0_161]
	at sun.nio.fs.UnixFileSystemProvider.newByteChannel(UnixFileSystemProvider.java:214) ~[?:1.8.0_161]
	at java.nio.file.Files.newByteChannel(Files.java:361) ~[?:1.8.0_161]
	at java.nio.file.Files.createFile(Files.java:632) ~[?:1.8.0_161]
	at kafka.log.LogManager$$anonfun$shutdown$6$$anonfun$apply$4.apply$mcV$sp(LogManager.scala:476) ~[kafka_2.11-2.0.1.jar:?]
	at kafka.utils.CoreUtils$.swallow(CoreUtils.scala:86) [kafka_2.11-2.0.1.jar:?]
	at kafka.log.LogManager$$anonfun$shutdown$6.apply(LogManager.scala:476) [kafka_2.11-2.0.1.jar:?]
	at kafka.log.LogManager$$anonfun$shutdown$6.apply(LogManager.scala:464) [kafka_2.11-2.0.1.jar:?]
	at scala.collection.TraversableLike$WithFilter$$anonfun$foreach$1.apply(TraversableLike.scala:733) [scala-library-2.11.12.jar:?]
	at scala.collection.mutable.HashMap$$anonfun$foreach$1.apply(HashMap.scala:130) [scala-library-2.11.12.jar:?]
	at scala.collection.mutable.HashMap$$anonfun$foreach$1.apply(HashMap.scala:130) [scala-library-2.11.12.jar:?]
	at scala.collection.mutable.HashTable$class.foreachEntry(HashTable.scala:236) [scala-library-2.11.12.jar:?]
	at scala.collection.mutable.HashMap.foreachEntry(HashMap.scala:40) [scala-library-2.11.12.jar:?]
	at scala.collection.mutable.HashMap.foreach(HashMap.scala:130) [scala-library-2.11.12.jar:?]
	at scala.collection.TraversableLike$WithFilter.foreach(TraversableLike.scala:732) [scala-library-2.11.12.jar:?]
	at kafka.log.LogManager.shutdown(LogManager.scala:464) [kafka_2.11-2.0.1.jar:?]
	at kafka.server.KafkaServer$$anonfun$shutdown$13.apply$mcV$sp(KafkaServer.scala:598) [kafka_2.11-2.0.1.jar:?]
	at kafka.utils.CoreUtils$.swallow(CoreUtils.scala:86) [kafka_2.11-2.0.1.jar:?]
	at kafka.server.KafkaServer.shutdown(KafkaServer.scala:598) [kafka_2.11-2.0.1.jar:?]
	at org.springframework.kafka.test.EmbeddedKafkaBroker.destroy(EmbeddedKafkaBroker.java:327) [spring-kafka-test-2.2.6.RELEASE.jar:2.2.6.RELEASE]
	at org.springframework.beans.factory.support.DefaultSingletonBeanRegistry.destroyBean(DefaultSingletonBeanRegistry.java:571) [spring-beans-5.1.7.RELEASE.jar:5.1.7.RELEASE]
	at org.springframework.beans.factory.support.DefaultSingletonBeanRegistry.destroySingleton(DefaultSingletonBeanRegistry.java:543) [spring-beans-5.1.7.RELEASE.jar:5.1.7.RELEASE]
	at org.springframework.beans.factory.support.DefaultListableBeanFactory.destroySingleton(DefaultListableBeanFactory.java:1034) [spring-beans-5.1.7.RELEASE.jar:5.1.7.RELEASE]
	at org.springframework.beans.factory.support.DefaultSingletonBeanRegistry.destroySingletons(DefaultSingletonBeanRegistry.java:504) [spring-beans-5.1.7.RELEASE.jar:5.1.7.RELEASE]
	at org.springframework.beans.factory.support.DefaultListableBeanFactory.destroySingletons(DefaultListableBeanFactory.java:1027) [spring-beans-5.1.7.RELEASE.jar:5.1.7.RELEASE]
	at org.springframework.context.support.AbstractApplicationContext.destroyBeans(AbstractApplicationContext.java:1057) [spring-context-5.1.7.RELEASE.jar:5.1.7.RELEASE]
	at org.springframework.context.support.AbstractApplicationContext.doClose(AbstractApplicationContext.java:1026) [spring-context-5.1.7.RELEASE.jar:5.1.7.RELEASE]
	at org.springframework.context.support.AbstractApplicationContext$1.run(AbstractApplicationContext.java:945) [spring-context-5.1.7.RELEASE.jar:5.1.7.RELEASE]
2020-04-07 15:59:45 [Thread: controller-event-thread] [ ERROR] KafkaZkClient$CheckedEphemeral:74 - Error while creating ephemeral at /controller, node already exists and owner '72061298197528578' does not match current session '72061298197528579'
2020-04-07 15:59:45 [Thread: controller-event-thread] [ ERROR] KafkaZkClient$CheckedEphemeral:74 - Error while creating ephemeral at /controller, node already exists and owner '72061298197528578' does not match current session '72061298197528580'
2020-04-07 15:59:48 [Thread: Thread-10] [ WARN ] CoreUtils$:90 - /var/folders/lb/j5nb3nx16f32n8drg7xdwj7h0000gn/T/kafka-2028772944758408940/.kafka_cleanshutdown
java.nio.file.NoSuchFileException: /var/folders/lb/j5nb3nx16f32n8drg7xdwj7h0000gn/T/kafka-2028772944758408940/.kafka_cleanshutdown
	at sun.nio.fs.UnixException.translateToIOException(UnixException.java:86) ~[?:1.8.0_161]
	at sun.nio.fs.UnixException.rethrowAsIOException(UnixException.java:102) ~[?:1.8.0_161]
	at sun.nio.fs.UnixException.rethrowAsIOException(UnixException.java:107) ~[?:1.8.0_161]
	at sun.nio.fs.UnixFileSystemProvider.newByteChannel(UnixFileSystemProvider.java:214) ~[?:1.8.0_161]
	at java.nio.file.Files.newByteChannel(Files.java:361) ~[?:1.8.0_161]
	at java.nio.file.Files.createFile(Files.java:632) ~[?:1.8.0_161]
	at kafka.log.LogManager$$anonfun$shutdown$6$$anonfun$apply$4.apply$mcV$sp(LogManager.scala:476) ~[kafka_2.11-2.0.1.jar:?]
	at kafka.utils.CoreUtils$.swallow(CoreUtils.scala:86) [kafka_2.11-2.0.1.jar:?]
	at kafka.log.LogManager$$anonfun$shutdown$6.apply(LogManager.scala:476) [kafka_2.11-2.0.1.jar:?]
	at kafka.log.LogManager$$anonfun$shutdown$6.apply(LogManager.scala:464) [kafka_2.11-2.0.1.jar:?]
	at scala.collection.TraversableLike$WithFilter$$anonfun$foreach$1.apply(TraversableLike.scala:733) [scala-library-2.11.12.jar:?]
	at scala.collection.mutable.HashMap$$anonfun$foreach$1.apply(HashMap.scala:130) [scala-library-2.11.12.jar:?]
	at scala.collection.mutable.HashMap$$anonfun$foreach$1.apply(HashMap.scala:130) [scala-library-2.11.12.jar:?]
	at scala.collection.mutable.HashTable$class.foreachEntry(HashTable.scala:236) [scala-library-2.11.12.jar:?]
	at scala.collection.mutable.HashMap.foreachEntry(HashMap.scala:40) [scala-library-2.11.12.jar:?]
	at scala.collection.mutable.HashMap.foreach(HashMap.scala:130) [scala-library-2.11.12.jar:?]
	at scala.collection.TraversableLike$WithFilter.foreach(TraversableLike.scala:732) [scala-library-2.11.12.jar:?]
	at kafka.log.LogManager.shutdown(LogManager.scala:464) [kafka_2.11-2.0.1.jar:?]
	at kafka.server.KafkaServer$$anonfun$shutdown$13.apply$mcV$sp(KafkaServer.scala:598) [kafka_2.11-2.0.1.jar:?]
	at kafka.utils.CoreUtils$.swallow(CoreUtils.scala:86) [kafka_2.11-2.0.1.jar:?]
	at kafka.server.KafkaServer.shutdown(KafkaServer.scala:598) [kafka_2.11-2.0.1.jar:?]
	at org.springframework.kafka.test.EmbeddedKafkaBroker.destroy(EmbeddedKafkaBroker.java:327) [spring-kafka-test-2.2.6.RELEASE.jar:2.2.6.RELEASE]
	at org.springframework.beans.factory.support.DefaultSingletonBeanRegistry.destroyBean(DefaultSingletonBeanRegistry.java:571) [spring-beans-5.1.7.RELEASE.jar:5.1.7.RELEASE]
	at org.springframework.beans.factory.support.DefaultSingletonBeanRegistry.destroySingleton(DefaultSingletonBeanRegistry.java:543) [spring-beans-5.1.7.RELEASE.jar:5.1.7.RELEASE]
	at org.springframework.beans.factory.support.DefaultListableBeanFactory.destroySingleton(DefaultListableBeanFactory.java:1034) [spring-beans-5.1.7.RELEASE.jar:5.1.7.RELEASE]
	at org.springframework.beans.factory.support.DefaultSingletonBeanRegistry.destroySingletons(DefaultSingletonBeanRegistry.java:504) [spring-beans-5.1.7.RELEASE.jar:5.1.7.RELEASE]
	at org.springframework.beans.factory.support.DefaultListableBeanFactory.destroySingletons(DefaultListableBeanFactory.java:1027) [spring-beans-5.1.7.RELEASE.jar:5.1.7.RELEASE]
	at org.springframework.context.support.AbstractApplicationContext.destroyBeans(AbstractApplicationContext.java:1057) [spring-context-5.1.7.RELEASE.jar:5.1.7.RELEASE]
	at org.springframework.context.support.AbstractApplicationContext.doClose(AbstractApplicationContext.java:1026) [spring-context-5.1.7.RELEASE.jar:5.1.7.RELEASE]
	at org.springframework.context.support.AbstractApplicationContext$1.run(AbstractApplicationContext.java:945) [spring-context-5.1.7.RELEASE.jar:5.1.7.RELEASE]
2020-04-07 15:59:48 [Thread: controller-event-thread] [ ERROR] KafkaZkClient$CheckedEphemeral:74 - Error while creating ephemeral at /controller, node already exists and owner '72061298197528580' does not match current session '72061298197528579'
2020-04-07 15:59:52 [Thread: Thread-10] [ WARN ] CoreUtils$:90 - /var/folders/lb/j5nb3nx16f32n8drg7xdwj7h0000gn/T/kafka-496992175685025356/.kafka_cleanshutdown
java.nio.file.NoSuchFileException: /var/folders/lb/j5nb3nx16f32n8drg7xdwj7h0000gn/T/kafka-496992175685025356/.kafka_cleanshutdown
	at sun.nio.fs.UnixException.translateToIOException(UnixException.java:86) ~[?:1.8.0_161]
	at sun.nio.fs.UnixException.rethrowAsIOException(UnixException.java:102) ~[?:1.8.0_161]
	at sun.nio.fs.UnixException.rethrowAsIOException(UnixException.java:107) ~[?:1.8.0_161]
	at sun.nio.fs.UnixFileSystemProvider.newByteChannel(UnixFileSystemProvider.java:214) ~[?:1.8.0_161]
	at java.nio.file.Files.newByteChannel(Files.java:361) ~[?:1.8.0_161]
	at java.nio.file.Files.createFile(Files.java:632) ~[?:1.8.0_161]
	at kafka.log.LogManager$$anonfun$shutdown$6$$anonfun$apply$4.apply$mcV$sp(LogManager.scala:476) ~[kafka_2.11-2.0.1.jar:?]
	at kafka.utils.CoreUtils$.swallow(CoreUtils.scala:86) [kafka_2.11-2.0.1.jar:?]
	at kafka.log.LogManager$$anonfun$shutdown$6.apply(LogManager.scala:476) [kafka_2.11-2.0.1.jar:?]
	at kafka.log.LogManager$$anonfun$shutdown$6.apply(LogManager.scala:464) [kafka_2.11-2.0.1.jar:?]
	at scala.collection.TraversableLike$WithFilter$$anonfun$foreach$1.apply(TraversableLike.scala:733) [scala-library-2.11.12.jar:?]
	at scala.collection.mutable.HashMap$$anonfun$foreach$1.apply(HashMap.scala:130) [scala-library-2.11.12.jar:?]
	at scala.collection.mutable.HashMap$$anonfun$foreach$1.apply(HashMap.scala:130) [scala-library-2.11.12.jar:?]
	at scala.collection.mutable.HashTable$class.foreachEntry(HashTable.scala:236) [scala-library-2.11.12.jar:?]
	at scala.collection.mutable.HashMap.foreachEntry(HashMap.scala:40) [scala-library-2.11.12.jar:?]
	at scala.collection.mutable.HashMap.foreach(HashMap.scala:130) [scala-library-2.11.12.jar:?]
	at scala.collection.TraversableLike$WithFilter.foreach(TraversableLike.scala:732) [scala-library-2.11.12.jar:?]
	at kafka.log.LogManager.shutdown(LogManager.scala:464) [kafka_2.11-2.0.1.jar:?]
	at kafka.server.KafkaServer$$anonfun$shutdown$13.apply$mcV$sp(KafkaServer.scala:598) [kafka_2.11-2.0.1.jar:?]
	at kafka.utils.CoreUtils$.swallow(CoreUtils.scala:86) [kafka_2.11-2.0.1.jar:?]
	at kafka.server.KafkaServer.shutdown(KafkaServer.scala:598) [kafka_2.11-2.0.1.jar:?]
	at org.springframework.kafka.test.EmbeddedKafkaBroker.destroy(EmbeddedKafkaBroker.java:327) [spring-kafka-test-2.2.6.RELEASE.jar:2.2.6.RELEASE]
	at org.springframework.beans.factory.support.DefaultSingletonBeanRegistry.destroyBean(DefaultSingletonBeanRegistry.java:571) [spring-beans-5.1.7.RELEASE.jar:5.1.7.RELEASE]
	at org.springframework.beans.factory.support.DefaultSingletonBeanRegistry.destroySingleton(DefaultSingletonBeanRegistry.java:543) [spring-beans-5.1.7.RELEASE.jar:5.1.7.RELEASE]
	at org.springframework.beans.factory.support.DefaultListableBeanFactory.destroySingleton(DefaultListableBeanFactory.java:1034) [spring-beans-5.1.7.RELEASE.jar:5.1.7.RELEASE]
	at org.springframework.beans.factory.support.DefaultSingletonBeanRegistry.destroySingletons(DefaultSingletonBeanRegistry.java:504) [spring-beans-5.1.7.RELEASE.jar:5.1.7.RELEASE]
	at org.springframework.beans.factory.support.DefaultListableBeanFactory.destroySingletons(DefaultListableBeanFactory.java:1027) [spring-beans-5.1.7.RELEASE.jar:5.1.7.RELEASE]
	at org.springframework.context.support.AbstractApplicationContext.destroyBeans(AbstractApplicationContext.java:1057) [spring-context-5.1.7.RELEASE.jar:5.1.7.RELEASE]
	at org.springframework.context.support.AbstractApplicationContext.doClose(AbstractApplicationContext.java:1026) [spring-context-5.1.7.RELEASE.jar:5.1.7.RELEASE]
	at org.springframework.context.support.AbstractApplicationContext$1.run(AbstractApplicationContext.java:945) [spring-context-5.1.7.RELEASE.jar:5.1.7.RELEASE]
2020-04-07 15:59:55 [Thread: Thread-10] [ WARN ] CoreUtils$:90 - /var/folders/lb/j5nb3nx16f32n8drg7xdwj7h0000gn/T/kafka-6714200143416712346/.kafka_cleanshutdown
java.nio.file.NoSuchFileException: /var/folders/lb/j5nb3nx16f32n8drg7xdwj7h0000gn/T/kafka-6714200143416712346/.kafka_cleanshutdown
	at sun.nio.fs.UnixException.translateToIOException(UnixException.java:86) ~[?:1.8.0_161]
	at sun.nio.fs.UnixException.rethrowAsIOException(UnixException.java:102) ~[?:1.8.0_161]
	at sun.nio.fs.UnixException.rethrowAsIOException(UnixException.java:107) ~[?:1.8.0_161]
	at sun.nio.fs.UnixFileSystemProvider.newByteChannel(UnixFileSystemProvider.java:214) ~[?:1.8.0_161]
	at java.nio.file.Files.newByteChannel(Files.java:361) ~[?:1.8.0_161]
	at java.nio.file.Files.createFile(Files.java:632) ~[?:1.8.0_161]
	at kafka.log.LogManager$$anonfun$shutdown$6$$anonfun$apply$4.apply$mcV$sp(LogManager.scala:476) ~[kafka_2.11-2.0.1.jar:?]
	at kafka.utils.CoreUtils$.swallow(CoreUtils.scala:86) [kafka_2.11-2.0.1.jar:?]
	at kafka.log.LogManager$$anonfun$shutdown$6.apply(LogManager.scala:476) [kafka_2.11-2.0.1.jar:?]
	at kafka.log.LogManager$$anonfun$shutdown$6.apply(LogManager.scala:464) [kafka_2.11-2.0.1.jar:?]
	at scala.collection.TraversableLike$WithFilter$$anonfun$foreach$1.apply(TraversableLike.scala:733) [scala-library-2.11.12.jar:?]
	at scala.collection.mutable.HashMap$$anonfun$foreach$1.apply(HashMap.scala:130) [scala-library-2.11.12.jar:?]
	at scala.collection.mutable.HashMap$$anonfun$foreach$1.apply(HashMap.scala:130) [scala-library-2.11.12.jar:?]
	at scala.collection.mutable.HashTable$class.foreachEntry(HashTable.scala:236) [scala-library-2.11.12.jar:?]
	at scala.collection.mutable.HashMap.foreachEntry(HashMap.scala:40) [scala-library-2.11.12.jar:?]
	at scala.collection.mutable.HashMap.foreach(HashMap.scala:130) [scala-library-2.11.12.jar:?]
	at scala.collection.TraversableLike$WithFilter.foreach(TraversableLike.scala:732) [scala-library-2.11.12.jar:?]
	at kafka.log.LogManager.shutdown(LogManager.scala:464) [kafka_2.11-2.0.1.jar:?]
	at kafka.server.KafkaServer$$anonfun$shutdown$13.apply$mcV$sp(KafkaServer.scala:598) [kafka_2.11-2.0.1.jar:?]
	at kafka.utils.CoreUtils$.swallow(CoreUtils.scala:86) [kafka_2.11-2.0.1.jar:?]
	at kafka.server.KafkaServer.shutdown(KafkaServer.scala:598) [kafka_2.11-2.0.1.jar:?]
	at org.springframework.kafka.test.EmbeddedKafkaBroker.destroy(EmbeddedKafkaBroker.java:327) [spring-kafka-test-2.2.6.RELEASE.jar:2.2.6.RELEASE]
	at org.springframework.beans.factory.support.DefaultSingletonBeanRegistry.destroyBean(DefaultSingletonBeanRegistry.java:571) [spring-beans-5.1.7.RELEASE.jar:5.1.7.RELEASE]
	at org.springframework.beans.factory.support.DefaultSingletonBeanRegistry.destroySingleton(DefaultSingletonBeanRegistry.java:543) [spring-beans-5.1.7.RELEASE.jar:5.1.7.RELEASE]
	at org.springframework.beans.factory.support.DefaultListableBeanFactory.destroySingleton(DefaultListableBeanFactory.java:1034) [spring-beans-5.1.7.RELEASE.jar:5.1.7.RELEASE]
	at org.springframework.beans.factory.support.DefaultSingletonBeanRegistry.destroySingletons(DefaultSingletonBeanRegistry.java:504) [spring-beans-5.1.7.RELEASE.jar:5.1.7.RELEASE]
	at org.springframework.beans.factory.support.DefaultListableBeanFactory.destroySingletons(DefaultListableBeanFactory.java:1027) [spring-beans-5.1.7.RELEASE.jar:5.1.7.RELEASE]
	at org.springframework.context.support.AbstractApplicationContext.destroyBeans(AbstractApplicationContext.java:1057) [spring-context-5.1.7.RELEASE.jar:5.1.7.RELEASE]
	at org.springframework.context.support.AbstractApplicationContext.doClose(AbstractApplicationContext.java:1026) [spring-context-5.1.7.RELEASE.jar:5.1.7.RELEASE]
	at org.springframework.context.support.AbstractApplicationContext$1.run(AbstractApplicationContext.java:945) [spring-context-5.1.7.RELEASE.jar:5.1.7.RELEASE]
